Temp/gradleOut/unityLibrary/build/intermediates/manifest_merge_blame_file/release/manifest-merger-blame-release-report.txt
1<?xml version="1.0" encoding="utf-8"?>
2<manifest xmlns:android="http://schemas.android.com/apk/res/android"
3    xmlns:tools="http://schemas.android.com/tools"
4    package="com.unity3d.player"
5    android:installLocation="preferExternal"
6    android:versionCode="1"
7    android:versionName="1.0.0" >
8
9    <uses-sdk
10        android:minSdkVersion="19"
10-->src/main/AndroidManifest.xml
11        android:targetSdkVersion="29" />
11-->src/main/AndroidManifest.xml
12
13    <uses-permission android:name="android.permission.INTERNET" />
13-->src/main/AndroidManifest.xml:3:3-65
13-->src/main/AndroidManifest.xml:3:20-62
14    <uses-permission android:name="android.permission.ACCESS_NETWORK_STATE" />
14-->src/main/AndroidManifest.xml:4:3-77
14-->src/main/AndroidManifest.xml:4:20-74
15    <!-- Android GCM Plugin -->
16    <!-- Rewite app package name! -->
17    <permission
17-->src/main/AndroidManifest.xml:7:3-109
18        android:name="io.chabok.starter.permission.C2D_MESSAGE"
18-->src/main/AndroidManifest.xml:7:15-70
19        android:protectionLevel="signature" />
19-->src/main/AndroidManifest.xml:7:71-106
20
21    <uses-permission android:name="io.chabok.starter.permission.C2D_MESSAGE" />
21-->src/main/AndroidManifest.xml:8:3-78
21-->src/main/AndroidManifest.xml:8:20-75
22    <uses-permission android:name="com.google.android.c2dm.permission.RECEIVE" />
22-->src/main/AndroidManifest.xml:9:3-80
22-->src/main/AndroidManifest.xml:9:20-77
23    <uses-permission android:name="android.permission.INTERNET" />
23-->src/main/AndroidManifest.xml:3:3-65
23-->src/main/AndroidManifest.xml:3:20-62
24    <uses-permission android:name="android.permission.GET_ACCOUNTS" />
24-->src/main/AndroidManifest.xml:11:3-69
24-->src/main/AndroidManifest.xml:11:20-66
25    <uses-permission android:name="android.permission.WAKE_LOCK" />
25-->src/main/AndroidManifest.xml:12:3-66
25-->src/main/AndroidManifest.xml:12:20-63
26
27    <uses-feature android:glEsVersion="0x00030000" />
27-->src/main/AndroidManifest.xml:34:3-52
27-->src/main/AndroidManifest.xml:34:17-49
28    <uses-feature
28-->src/main/AndroidManifest.xml:35:3-91
29        android:name="android.hardware.vulkan.version"
29-->src/main/AndroidManifest.xml:35:17-63
30        android:required="false" />
30-->src/main/AndroidManifest.xml:35:64-88
31    <uses-feature
31-->src/main/AndroidManifest.xml:36:3-88
32        android:name="android.hardware.touchscreen"
32-->src/main/AndroidManifest.xml:36:17-60
33        android:required="false" />
33-->src/main/AndroidManifest.xml:36:61-85
34    <uses-feature
34-->src/main/AndroidManifest.xml:37:3-99
35        android:name="android.hardware.touchscreen.multitouch"
35-->src/main/AndroidManifest.xml:37:17-71
36        android:required="false" />
36-->src/main/AndroidManifest.xml:37:72-96
37    <uses-feature
37-->src/main/AndroidManifest.xml:38:3-108
38        android:name="android.hardware.touchscreen.multitouch.distinct"
38-->src/main/AndroidManifest.xml:38:17-80
39        android:required="false" />
39-->src/main/AndroidManifest.xml:38:81-105
40    <!-- Android GCM Plugin -->
41    <application
41-->src/main/AndroidManifest.xml:14:3-33:17
42        android:name="io.chabok.unity.ChabokApp"
42-->src/main/AndroidManifest.xml:14:16-56
43        android:debuggable="true"
43-->src/main/AndroidManifest.xml:14:132-157
44        android:icon="@mipmap/app_icon"
44-->src/main/AndroidManifest.xml:14:158-189
45        android:label="@string/app_name"
45-->src/main/AndroidManifest.xml:14:99-131
46        android:theme="@style/UnityThemeSelector" >
46-->src/main/AndroidManifest.xml:14:57-98
47        <meta-data
47-->src/main/AndroidManifest.xml:15:5-95
48            android:name="com.adpdigital.push.client.PlatformType"
48-->src/main/AndroidManifest.xml:15:16-70
49            android:value="unity" />
49-->src/main/AndroidManifest.xml:15:71-92
50
51        <activity
51-->src/main/AndroidManifest.xml:16:5-23:16
52            android:name="io.chabok.unity.ChabokActivity"
52-->src/main/AndroidManifest.xml:16:15-60
53            android:configChanges="mcc|mnc|locale|touchscreen|keyboard|keyboardHidden|navigation|orientation|screenLayout|uiMode|screenSize|smallestScreenSize|fontScale|layoutDirection|density"
53-->src/main/AndroidManifest.xml:16:165-346
54            android:hardwareAccelerated="false"
54-->src/main/AndroidManifest.xml:16:347-382
55            android:label="@string/app_name"
55-->src/main/AndroidManifest.xml:16:61-93
56            android:launchMode="singleTask"
56-->src/main/AndroidManifest.xml:16:133-164
57            android:screenOrientation="fullSensor" >
57-->src/main/AndroidManifest.xml:16:94-132
58            <intent-filter>
58-->src/main/AndroidManifest.xml:17:7-20:23
59                <action android:name="android.intent.action.MAIN" />
59-->src/main/AndroidManifest.xml:18:9-61
59-->src/main/AndroidManifest.xml:18:17-58
60
61                <category android:name="android.intent.category.LAUNCHER" />
61-->src/main/AndroidManifest.xml:19:9-69
61-->src/main/AndroidManifest.xml:19:19-66
62            </intent-filter>
63
64            <meta-data
64-->src/main/AndroidManifest.xml:21:7-82
65                android:name="unityplayer.UnityActivity"
65-->src/main/AndroidManifest.xml:21:18-58
66                android:value="true" />
66-->src/main/AndroidManifest.xml:21:59-79
67            <meta-data
67-->src/main/AndroidManifest.xml:22:7-78
68                android:name="android.notch_support"
68-->src/main/AndroidManifest.xml:22:18-54
69                android:value="true" />
69-->src/main/AndroidManifest.xml:22:55-75
70        </activity>
71
72        <receiver
72-->src/main/AndroidManifest.xml:24:5-28:16
73            android:name="com.adpdigital.push.ChabokReferrerReceiver"
73-->src/main/AndroidManifest.xml:24:15-72
74            android:exported="true"
74-->src/main/AndroidManifest.xml:24:130-153
75            android:permission="android.permission.INSTALL_PACKAGES" >
75-->src/main/AndroidManifest.xml:24:73-129
76            <intent-filter>
76-->src/main/AndroidManifest.xml:25:7-27:23
77                <action android:name="com.android.vending.INSTALL_REFERRER" />
77-->src/main/AndroidManifest.xml:26:9-71
77-->src/main/AndroidManifest.xml:26:17-68
78            </intent-filter>
79        </receiver>
80
81        <meta-data
81-->src/main/AndroidManifest.xml:29:5-69
82            android:name="unity.splash-mode"
82-->src/main/AndroidManifest.xml:29:16-48
83            android:value="0" />
83-->src/main/AndroidManifest.xml:29:49-66
84        <meta-data
84-->src/main/AndroidManifest.xml:30:5-74
85            android:name="unity.splash-enable"
85-->src/main/AndroidManifest.xml:30:16-50
86            android:value="True" />
86-->src/main/AndroidManifest.xml:30:51-71
87        <meta-data
87-->src/main/AndroidManifest.xml:31:5-81
88            android:name="notch.config"
88-->src/main/AndroidManifest.xml:31:16-43
89            android:value="portrait|landscape" />
89-->src/main/AndroidManifest.xml:31:44-78
90        <meta-data
90-->src/main/AndroidManifest.xml:32:5-101
91            android:name="unity.build-id"
91-->src/main/AndroidManifest.xml:32:16-45
92            android:value="69c20736-717d-42c4-b207-601aaeaf0c99" />
92-->src/main/AndroidManifest.xml:32:46-98
93    </application>
94
95</manifest>